{"level":"info","message":"Hello distributed log files!","timestamp":"2016-10-12T03:48:45.219Z"}
{"level":"info","message":"Hello again distributed logs","timestamp":"2016-10-12T03:48:45.221Z"}
{"level":"info","message":"Hello distributed log files!","timestamp":"2016-10-12T03:49:21.856Z"}
{"level":"info","message":"Hello again distributed logs","timestamp":"2016-10-12T03:49:21.858Z"}
{"level":"info","message":"Hello distributed log files!","timestamp":"2016-10-12T03:49:41.127Z"}
{"level":"info","message":"Hello again distributed logs","timestamp":"2016-10-12T03:49:41.130Z"}
{"level":"info","message":"Hello distributed log files!","timestamp":"2016-10-12T03:51:03.216Z"}
{"level":"error","message":"Hello again distributed logs","timestamp":"2016-10-12T03:51:03.219Z"}
{"abc":123,"level":"info","message":"Hello distributed log files!","timestamp":"2016-10-12T06:21:20.343Z"}
{"level":"error","message":"Hello again distributed logs","timestamp":"2016-10-12T06:21:20.345Z"}
{"abc":123,"level":"info","message":"Hello distributed log files!","timestamp":"2016-10-12T06:31:35.491Z"}
{"level":"error","message":"Hello again distributed logs","timestamp":"2016-10-12T06:31:35.493Z"}
{"abc":123,"level":"info","message":"Hello distributed log files!","timestamp":"2016-10-12T06:36:09.093Z"}
{"level":"error","message":"Hello again distributed logs","timestamp":"2016-10-12T06:36:09.095Z"}
{"abc":123,"level":"info","message":"Hello distributed log files!","timestamp":"2016-10-12T06:36:36.142Z"}
{"level":"error","message":"Hello again distributed logs","timestamp":"2016-10-12T06:36:36.144Z"}
{"abc":123,"level":"info","message":"Hello distributed log files!","timestamp":"2016-10-12T06:47:36.925Z"}
{"level":"error","message":"Hello again distributed logs","timestamp":"2016-10-12T06:47:36.927Z"}
{"abc":54254325324532,"level":"info","message":"Hello distributed log files!","timestamp":"2016-10-12T06:48:04.577Z"}
{"level":"error","message":"Hello again distributed logs","timestamp":"2016-10-12T06:48:04.580Z"}
{"abc":54254325324532,"level":"info","message":"Hello distributed log files!","timestamp":"2016-10-12T06:52:42.071Z"}
{"level":"error","message":"Hello again distributed logs","timestamp":"2016-10-12T06:52:42.077Z"}
{"abc":54254325324532,"level":"info","message":"Hello distributed log files!","timestamp":"2016-10-12T06:53:07.954Z"}
{"level":"error","message":"Hello again distributed logs","timestamp":"2016-10-12T06:53:07.957Z"}
{"abc":54254325324532,"level":"info","message":"Hello distributed log files!","timestamp":"2016-10-12T06:54:32.901Z"}
{"level":"error","message":"Hello again distributed logs","timestamp":"2016-10-12T06:54:32.904Z"}
{"fd":543,"level":"info","message":"Hello distributed log files!","timestamp":"2016-10-12T14:56:27.756Z"}
{"level":"error","message":"Hello again distributed logs","timestamp":"2016-10-12T14:56:27.759Z"}
{"fd":543,"level":"info","message":"Hello distributed log files!","timestamp":"2016-10-12T14:57:13.126Z"}
{"level":"error","message":"Hello again distributed logs","timestamp":"2016-10-12T14:57:13.129Z"}
{"fd":543,"level":"info","message":"Hello distributed log files!","timestamp":"2016-10-12T15:01:02.739Z"}
{"level":"error","message":"Hello again distributed logs","timestamp":"2016-10-12T15:01:02.742Z"}
{"fd":765756756765,"level":"info","message":"Hello distributed log files!","timestamp":"2016-10-12T15:01:34.830Z"}
{"level":"error","message":"Hello again distributed logs","timestamp":"2016-10-12T15:01:34.832Z"}
{"fd":765756756765,"level":"info","message":"Hello distributed log files!","timestamp":"2016-10-12T15:04:30.720Z"}
{"level":"error","message":"Hello again distributed logs","timestamp":"2016-10-12T15:04:30.722Z"}
{"fd":1,"level":"info","message":"Hello distributed log files!","timestamp":"2016-10-12T15:04:56.661Z"}
{"level":"error","message":"Hello again distributed logs","timestamp":"2016-10-12T15:04:56.663Z"}
{"fd":2,"level":"info","message":"Hello distributed log files!","timestamp":"2016-10-12T15:06:00.504Z"}
{"level":"error","message":"Hello again distributed logs","timestamp":"2016-10-12T15:06:00.507Z"}
{"fd":4,"level":"info","message":"Hello distributed log files!","timestamp":"2016-10-12T15:14:18.827Z"}
{"level":"error","message":"Hello again distributed logs","timestamp":"2016-10-12T15:14:18.830Z"}
{"fd":5,"level":"info","message":"Hello distributed log files!","timestamp":"2016-10-12T15:14:36.086Z"}
{"level":"error","message":"Hello again distributed logs","timestamp":"2016-10-12T15:14:36.089Z"}
{"fd":5,"level":"info","message":"Hello distributed log files!","timestamp":"2016-10-12T15:15:17.970Z"}
{"level":"error","message":"Hello again distributed logs","timestamp":"2016-10-12T15:15:17.972Z"}
{"fd":9,"level":"info","message":"Hello distributed log files!","timestamp":"2016-10-12T15:15:59.319Z"}
{"level":"error","message":"Hello again distributed logs","timestamp":"2016-10-12T15:15:59.321Z"}
{"fd":9,"level":"info","message":"Hello distributed log files!","timestamp":"2016-10-12T15:19:03.171Z"}
{"level":"error","message":"Hello again distributed logs","timestamp":"2016-10-12T15:19:03.173Z"}

{"DATE":"2016-10-12T15:22:02.968Z","LEVEL":"info","MESSAGE":"Hello distributed log files!","META":"{\"fd\":10}"}

{"DATE":"2016-10-12T15:22:02.970Z","LEVEL":"error","MESSAGE":"Hello again distributed logs","META":""}

{"DATE":"2016/10/12 03:23:35","LEVEL":"info","MESSAGE":"Hello distributed log files!","META":"{\"fd\":10}"}

{"DATE":"2016/10/12 03:23:35","LEVEL":"error","MESSAGE":"Hello again distributed logs","META":""}

{"DATE":"2016/10/12 15:25:56","LEVEL":"info","MESSAGE":"Hello distributed log files!","META":"{\"fd\":10}"}

{"DATE":"2016/10/12 15:25:56","LEVEL":"error","MESSAGE":"Hello again distributed logs","META":""}

{"DATE":"2016/10/12 15:26:57","LEVEL":"info","MESSAGE":"Hello distributed log files!","META":{"fd":10}}

{"DATE":"2016/10/12 15:26:57","LEVEL":"error","MESSAGE":"Hello again distributed logs","META":""}

{"DATE":"2016/10/12 15:27:51","LEVEL":"info","MESSAGE":"Hello distributed log files!","META":{"fd":10}}

{"DATE":"2016/10/12 15:27:51","LEVEL":"error","MESSAGE":"Hello again distributed logs","META":""}

{"DATE":"2016/10/12 15:27:51","LEVEL":"warn","MESSAGE":"考完高考考完高考","META":{"xx":56}}
