2016-10-25 11:44 +08:00: Listening on https: port 3000
2016-10-25 11:44 +08:00: Current env: development
2016-10-25 11:44 +08:00: Connected to Redis
2016-10-25 11:44 +08:00: Redis ready
2016-10-25 11:44 +08:00: Listening on https: port 3000
2016-10-25 11:44 +08:00: Current env: development
2016-10-25 11:44 +08:00: Connected to Redis
2016-10-25 11:44 +08:00: Redis ready
2016-10-25 11:44 +08:00: 
Time: 1477367093043
2016-10-25 11:44 +08:00: 来自移动端的请求
2016-10-25 11:44 +08:00: 
POST Request: {"host":"api.qiakr.com","port":3000,"ca":{"type":"Buffer","data":[45,45,45,45,45,66,69,71,73,78,32,67,69,82,84,73,70,73,67,65,84,69,45,45,45,45,45,10,77,73,73,67,99,84,67,67,65,100,111,67,67,81,68,65,49,70,77,57,111,53,84,98,84,84,65,78,66,103,107,113,104,107,105,71,57,119,48,66,65,81,85,70,65,68,66,57,77,81,115,119,67,81,89,68,86,81,81,71,69,119,74,73,10,87,106,69,76,77,65,107,71,65,49,85,69,67,66,77,67,79,68,89,120,69,84,65,80,66,103,78,86,66,65,99,84,67,69,104,104,98,109,100,97,97,71,57,49,77,81,52,119,68,65,89,68,86,81,81,75,69,119,86,82,97,87,70,114,10,99,106,69,79,77,65,119,71,65,49,85,69,67,120,77,70,85,87,108,104,97,51,73,120,68,106,65,77,66,103,78,86,66,65,77,84,66,86,70,112,89,87,116,121,77,82,52,119,72,65,89,74,75,111,90,73,104,118,99,78,65,81,107,66,10,70,103,57,54,97,72,86,120,97,85,66,120,97,87,70,114,99,105,53,106,98,50,48,119,72,104,99,78,77,84,89,120,77,68,73,119,77,68,85,49,77,84,85,120,87,104,99,78,77,84,89,120,77,84,69,53,77,68,85,49,77,84,85,120,10,87,106,66,57,77,81,115,119,67,81,89,68,86,81,81,71,69,119,74,73,87,106,69,76,77,65,107,71,65,49,85,69,67,66,77,67,79,68,89,120,69,84,65,80,66,103,78,86,66,65,99,84,67,69,104,104,98,109,100,97,97,71,57,49,10,77,81,52,119,68,65,89,68,86,81,81,75,69,119,86,82,97,87,70,114,99,106,69,79,77,65,119,71,65,49,85,69,67,120,77,70,85,87,108,104,97,51,73,120,68,106,65,77,66,103,78,86,66,65,77,84,66,86,70,112,89,87,116,121,10,77,82,52,119,72,65,89,74,75,111,90,73,104,118,99,78,65,81,107,66,70,103,57,54,97,72,86,120,97,85,66,120,97,87,70,114,99,105,53,106,98,50,48,119,103,90,56,119,68,81,89,74,75,111,90,73,104,118,99,78,65,81,69,66,10,66,81,65,68,103,89,48,65,77,73,71,74,65,111,71,66,65,78,103,71,66,122,122,116,53,74,80,106,50,67,66,56,99,85,71,54,51,115,110,88,71,66,120,77,86,113,67,81,68,80,111,104,54,87,83,87,68,117,113,110,72,72,72,85,10,85,119,88,71,86,108,116,69,118,65,119,111,99,115,88,74,109,106,111,75,49,119,57,80,84,117,110,54,102,55,112,52,103,89,47,51,79,120,111,72,106,76,117,47,49,55,88,77,67,74,115,106,82,109,112,51,88,100,71,85,99,109,90,82,10,98,90,81,86,82,104,71,78,79,103,120,104,69,111,98,43,53,67,54,107,69,88,119,55,119,118,107,105,105,90,111,116,66,54,82,118,106,121,83,51,107,48,76,75,90,118,49,57,111,119,107,48,100,90,86,102,87,107,77,110,65,103,77,66,10,65,65,69,119,68,81,89,74,75,111,90,73,104,118,99,78,65,81,69,70,66,81,65,68,103,89,69,65,89,116,70,115,107,67,88,69,77,71,107,97,103,101,102,69,110,98,113,80,43,78,98,79,84,108,116,104,115,109,104,88,77,88,77,82,10,55,89,47,113,66,115,113,57,68,67,110,43,110,54,103,121,68,118,113,55,70,119,71,82,50,47,86,114,113,49,76,53,49,118,47,56,90,51,48,65,73,76,89,98,106,80,112,85,109,66,110,116,120,56,79,79,118,108,83,88,115,78,54,116,10,108,73,111,119,97,112,65,90,72,71,117,78,70,55,56,67,82,80,89,53,89,114,72,105,80,51,67,117,50,55,117,43,72,89,118,89,78,51,67,107,119,114,83,55,88,72,117,54,78,50,111,114,99,88,120,104,88,105,65,109,107,116,51,73,10,48,52,70,100,71,85,103,61,10,45,45,45,45,45,69,78,68,32,67,69,82,84,73,70,73,67,65,84,69,45,45,45,45,45,10]},"rejectUnauthorized":false,"method":"post","path":"/api/login/submit","headers":{"host":"api.qiakr.com:3000","connection":"keep-alive","cache-control":"max-age=0","upgrade-insecure-requests":"1","user-agent":"Mozilla/5.0 (Linux; Android 5.0; SM-G900P Build/LRX21T) AppleWebKit/537.36 (KHTML, like Gecko) Chrome/48.0.2564.23 Mobile Safari/537.36","accept":"text/html,application/xhtml+xml,application/xml;q=0.9,image/webp,*/*;q=0.8","accept-encoding":"gzip, deflate, sdch, br","accept-language":"en-US,en;q=0.8,zh-CN;q=0.6","cookie":"OUTFOX_SEARCH_USER_ID_NCOO=1870849389.7072165; ___rl__test__cookies=1477365489395; TbFr_7185_saltkey=W3eEBBh6; TbFr_7185_lastvisit=1477362466; TbFr_7185_sid=OuytTJ; pgv_pvi=4711270285; pgv_info=ssi=s9230091375; TbFr_7185_lastact=1477366066%09home.php%09misc; Hm_lvt_0ae38da02c36d427b45394d1982689c8=1476942129,1477365791; Hm_lpvt_0ae38da02c36d427b45394d1982689c8=1477366163","Content-Type":"application/x-www-form-urlencoded","Content-Length":20}}
2016-10-25 11:44 +08:00: 
POST Request Data: username=qiakrtester
2016-10-25 11:44 +08:00: 
Time: 1477367093077
2016-10-25 11:44 +08:00: 来自移动端的请求
2016-10-25 11:44 +08:00: ::ffff:127.0.0.1 - - [25/Oct/2016:03:44:53 +0000] "POST /api/login/submit HTTP/1.1" 200 35 "-" "Mozilla/5.0 (Linux; Android 5.0; SM-G900P Build/LRX21T) AppleWebKit/537.36 (KHTML, like Gecko) Chrome/48.0.2564.23 Mobile Safari/537.36"
2016-10-25 11:44 +08:00: 
POST Response Headers: {"x-powered-by":"Express","content-type":"application/json; charset=utf-8","content-length":"35","etag":"W/\"23-OXtGPc2GK8VNkR5cLwPmUg\"","set-cookie":["connect.sid=s%3AJOb9ydqG-GOpvCu6OyC_g9-nU1hS8UCG.aj%2B8KDvsjp2xAtbmtuSU1TSJC7OASn3v4pEIgg5Kwr8; Path=/; Expires=Tue, 25 Oct 2016 03:45:53 GMT; HttpOnly"],"date":"Tue, 25 Oct 2016 03:44:53 GMT","connection":"keep-alive"}
2016-10-25 11:44 +08:00: 
POST Response Data: {"code":0,"message":"登录成功"}
2016-10-25 11:44 +08:00: ::ffff:127.0.0.1 - - [25/Oct/2016:03:44:53 +0000] "GET / HTTP/1.1" 200 769 "-" "Mozilla/5.0 (Linux; Android 5.0; SM-G900P Build/LRX21T) AppleWebKit/537.36 (KHTML, like Gecko) Chrome/48.0.2564.23 Mobile Safari/537.36"
2016-10-25 11:46 +08:00: Listening on https: port 3000
2016-10-25 11:46 +08:00: Current env: development
2016-10-25 11:46 +08:00: Connected to Redis
2016-10-25 11:46 +08:00: Redis ready
2016-10-25 11:51 +08:00: Listening on https: port 3000
2016-10-25 11:51 +08:00: Current env: development
2016-10-25 11:51 +08:00: Connected to Redis
2016-10-25 11:51 +08:00: Redis ready
2016-10-25 11:51 +08:00: Listening on https: port 3000
2016-10-25 11:51 +08:00: Current env: development
2016-10-25 11:51 +08:00: Connected to Redis
2016-10-25 11:51 +08:00: Redis ready
2016-10-25 13:11 +08:00: Listening on https: port 3000
2016-10-25 13:11 +08:00: Current env: development
2016-10-25 13:11 +08:00: Connected to Redis
2016-10-25 13:11 +08:00: Redis ready
2016-10-25 13:11 +08:00: Listening on https: port 3000
2016-10-25 13:11 +08:00: Current env: development
2016-10-25 13:11 +08:00: Connected to Redis
2016-10-25 13:11 +08:00: Redis ready
2016-10-25 13:12 +08:00: Listening on https: port 3000
2016-10-25 13:12 +08:00: Current env: development
2016-10-25 13:12 +08:00: Connected to Redis
2016-10-25 13:12 +08:00: Redis ready
2016-10-25 13:13 +08:00: Listening on https: port 3000
2016-10-25 13:13 +08:00: Current env: development
2016-10-25 13:13 +08:00: Connected to Redis
2016-10-25 13:13 +08:00: Redis ready
2016-10-25 13:13 +08:00: Listening on https: port 3000
2016-10-25 13:13 +08:00: Current env: development
2016-10-25 13:13 +08:00: Connected to Redis
2016-10-25 13:13 +08:00: Redis ready
2016-10-25 13:14 +08:00: Listening on https: port 3000
2016-10-25 13:14 +08:00: Current env: development
2016-10-25 13:14 +08:00: Connected to Redis
2016-10-25 13:14 +08:00: Redis ready
2016-10-25 13:14 +08:00: Listening on https: port 3000
2016-10-25 13:14 +08:00: Current env: development
2016-10-25 13:14 +08:00: Connected to Redis
2016-10-25 13:14 +08:00: Redis ready
2016-10-25 13:14 +08:00: Listening on https: port 3000
2016-10-25 13:14 +08:00: Current env: development
2016-10-25 13:14 +08:00: Connected to Redis
2016-10-25 13:14 +08:00: Redis ready
